
************************************************************

CalculiX Version 2.12, Copyright(C) 1998-2015 Guido Dhondt
CalculiX comes with ABSOLUTELY NO WARRANTY. This is free
software, and you are welcome to redistribute it under
certain conditions, see gpl.htm

************************************************************

You are using an executable made on So 2. Apr 15:03:04 CEST 2017
 Decascading the MPC's

 Determining the structure of the matrix:
 number of equations
 21153
 number of nonzero lower triangular matrix elements
 106662

Starting CHT analysis via preCICE...
Setting up preCICE participant Solid, using config file: config.yml
(0) 14:08:20 [impl::SolverInterfaceImpl]:115 in configure: [0mConfiguring preCICE with configuration: "precice-config.xml"
(0) 14:08:20 [impl::SolverInterfaceImpl]:149 in configure: [0mRun in coupling mode
Unexpected end of /proc/mounts line `overlay / overlay rw,relatime,lowerdir=/var/lib/docker/overlay2/l/IXROD6KPI4NR2NJYM7YRFNMQ6A:/var/lib/docker/overlay2/l/HYSP72JS7QLH7QUZO2I45BPUPV:/var/lib/docker/overlay2/l/IWXQLDN7NA7AO7NQP4KXFMRKQL:/var/lib/docker/overlay2/l/XG5GHPTDDKAWHYEIIHC376VFKK:/var/lib/docker/overlay2/l/B2PPYIEYX7J2DHDXF57XPNA2DN:/var/lib/docker/overlay2/l/HQSGXCO6JR7KWJ2UM3MMYV4RWL:/var/lib/docker/overlay2/l/RQIA6URXKTK555ZIXZ52D7OICA:/var/lib/docker/overlay2/l/5ZTLGRANIQQH3QHX5XF6GFHWAJ:/var/lib/docker/overlay2/l/JTB7EO4R4VWHV'
Unexpected end of /proc/mounts line `CGALFMO764QZ5:/var/lib/docker/overlay2/l/37NKSPF6F2NXZZHXF46GOGHOA7:/var/lib/docker/overlay2/l/6N7GRGROEUPC3QDKCCZOT5ZE4I:/var/lib/docker/overlay2/l/L7IMIERYOC7KVHHM2BAEINBIBT:/var/lib/docker/overlay2/l/CXCXHQBNEMTJKOQBLF6WABE65B:/var/lib/docker/overlay2/l/YVJYTKXVY6FCPGYKAMLYL7A53R:/var/lib/docker/overlay2/l/22EACQBDHEIOPO6RV3NUBC6NAG:/var/lib/docker/overlay2/l/DTJTEZGBKQ6R6AWQYKSX3QZLHF:/var/lib/docker/overlay2/l/TYPMYV5EHI5BMZD4FWIMYYLRCT:/var/lib/docker/overlay2/l/6Q7EMJAYO562XRZK5RIL54FIAW:/var/lib/do'
Unexpected end of /proc/mounts line `cker/overlay2/l/JC7DFSJ25FGFFG4KRM6F2FMHKC:/var/lib/docker/overlay2/l/O3QB63ONCLVQEAQHXN3LHXR5VV:/var/lib/docker/overlay2/l/O3CYG7WI5Y2GJQ3OL2MYGZSJZF:/var/lib/docker/overlay2/l/ZTY5MZ6DQEYY2VD3D5LIWTEOUS:/var/lib/docker/overlay2/l/SBBISBB67OILUOY44TVGZFRJ67:/var/lib/docker/overlay2/l/ORNEWFR5U5L6ZEDWPU2FLMLOWJ:/var/lib/docker/overlay2/l/I6LCSXFZROQX2EAVTPWRYQIPZL:/var/lib/docker/overlay2/l/ZE2T7IEE6LBX5HY5GOZDCCFXNX:/var/lib/docker/overlay2/l/DJZ7HPZY7C5R4GWFOQS3VZGOC3:/var/lib/docker/overlay2/l/AEA6Y5645'
Read data 'Sink-Temperature-Inner-Fluid' found.
Read data 'Heat-Transfer-Coefficient-Inner-Fluid' found.
Write data 'Sink-Temperature-Solid' found.
Write data 'Heat-Transfer-Coefficient-Solid' found.
Read data 'Sink-Temperature-Outer-Fluid' found.
Read data 'Heat-Transfer-Coefficient-Outer-Fluid' found.
Write data 'Sink-Temperature-Solid' found.
Write data 'Heat-Transfer-Coefficient-Solid' found.
(0) 14:08:23 [impl::SolverInterfaceImpl]:212 in initialize: [0mSetting up master communication to coupling partner/s 
(0) 14:08:23 [impl::SolverInterfaceImpl]:228 in initialize: [0mCoupling partner/s are connected 
(0) 14:08:23 [partition::ReceivedPartition]:36 in communicate: [0mReceive global mesh Inner-Fluid-to-Solid
(0) 14:08:23 [partition::ReceivedPartition]:36 in communicate: [0mReceive global mesh Outer-Fluid-to-Solid
(0) 14:08:23 [partition::ProvidedPartition]:39 in communicate: [0mGather mesh Solid-to-Inner-Fluid
(0) 14:08:23 [partition::ProvidedPartition]:67 in communicate: [0mSend global mesh Solid-to-Inner-Fluid
(0) 14:08:24 [partition::ProvidedPartition]:39 in communicate: [0mGather mesh Solid-to-Outer-Fluid
(0) 14:08:24 [partition::ProvidedPartition]:67 in communicate: [0mSend global mesh Solid-to-Outer-Fluid
(0) 14:08:24 [partition::ProvidedPartition]:81 in compute: [0mCompute partition for mesh Solid-to-Inner-Fluid
(0) 14:08:24 [partition::ProvidedPartition]:81 in compute: [0mCompute partition for mesh Solid-to-Outer-Fluid
(0) 14:08:24 [impl::SolverInterfaceImpl]:237 in initialize: [0mSetting up slaves communication to coupling partner/s 
(0) 14:08:24 [impl::SolverInterfaceImpl]:252 in initialize: [0mSlaves are connected
(0) 14:08:24 [impl::SolverInterfaceImpl]:278 in initialize: [0mInner-Fluid: it 1 of 1 | dt# 1 | t 0 of 5 | dt 1 | max dt 1 | ongoing yes | dt complete no | write-initial-data | 
Outer-Fluid: it 1 of 1 | dt# 1 | t 0 of 5 | dt 1 | max dt 1 | ongoing yes | dt complete no | write-initial-data | 
Initializing coupling data
Adapter writing coupling data...
(0) 14:08:24 [impl::SolverInterfaceImpl]:1617 in mapReadData: [0mCompute read mapping from mesh "Inner-Fluid-to-Solid" to mesh "Solid-to-Inner-Fluid".
(0) 14:08:37 [impl::SolverInterfaceImpl]:1617 in mapReadData: [0mCompute read mapping from mesh "Outer-Fluid-to-Solid" to mesh "Solid-to-Outer-Fluid".
Adapter reading coupling data...
Adjusting time step for steady-state step
Adapter reading coupling data...
 increment 1 attempt 1 
 increment size= 1.000000e+00
 sum of previous increments=0.000000e+00
 actual step time=1.000000e+00
 actual total time=1.000000e+00

 iteration 1

 Using up to 1 cpu(s) for the heat flux calculation.

 Using up to 1 cpu(s) for the symmetric stiffness/mass contributions.

 Factoring the system of equations using the symmetric spooles solver
 Using 1 cpu for spooles.

 Using up to 1 cpu(s) for the heat flux calculation.

 average flux= 5.108361
 time avg. flux= 5.108361
 largest residual flux= 226.735266 in node 13966 and dof 0
 largest increment of temp= 5.689586e+01
 largest correction to temp= 5.689586e+01 in node 985 and dof 0

 no convergence

 iteration 2

 Using up to 1 cpu(s) for the symmetric stiffness/mass contributions.

 Factoring the system of equations using the symmetric spooles solver
 Using 1 cpu for spooles.

 Using up to 1 cpu(s) for the heat flux calculation.

 average flux= 5.108361
 time avg. flux= 5.108361
 largest residual flux= 0.000000 in node 21126 and dof 0
 largest increment of temp= 5.689586e+01
 largest correction to temp= 1.586880e-13 in node 9660 and dof 0

 convergence

 the increment size exceeds the remainder of the step and is decreased to 0.000000e+00

Adapter writing coupling data...
Adapter calling advance()...
(0) 14:09:06 [impl::SolverInterfaceImpl]:392 in advance: [0mInner-Fluid: it 1 of 1 | dt# 2 | t 1 of 5 | dt 1 | max dt 1 | ongoing yes | dt complete yes | 
Outer-Fluid: it 1 of 1 | dt# 2 | t 1 of 5 | dt 1 | max dt 1 | ongoing yes | dt complete yes | 
Adjusting time step for steady-state step
Adapter reading coupling data...
 increment 2 attempt 1 
 increment size= 1.000000e+00
 sum of previous increments=0.000000e+00
 actual step time=1.000000e+00
 actual total time=1.000000e+00

 iteration 1

 Using up to 1 cpu(s) for the heat flux calculation.

 Using up to 1 cpu(s) for the symmetric stiffness/mass contributions.

 Factoring the system of equations using the symmetric spooles solver
 Using 1 cpu for spooles.

 Using up to 1 cpu(s) for the heat flux calculation.

 average flux= 0.195386
 time avg. flux= 2.651873
 largest residual flux= 218.803266 in node 13966 and dof 0
 largest increment of temp= 5.457558e+01
 largest correction to temp= 5.457558e+01 in node 1124 and dof 0

 no convergence

 iteration 2

 Using up to 1 cpu(s) for the symmetric stiffness/mass contributions.

 Factoring the system of equations using the symmetric spooles solver
 Using 1 cpu for spooles.

 Using up to 1 cpu(s) for the heat flux calculation.

 average flux= 0.195386
 time avg. flux= 2.651873
 largest residual flux= 0.000000 in node 10427 and dof 0
 largest increment of temp= 5.457558e+01
 largest correction to temp= 1.705923e-13 in node 2495 and dof 0

 convergence

Adapter writing coupling data...
Adapter calling advance()...
(0) 14:09:38 [impl::SolverInterfaceImpl]:392 in advance: [0mInner-Fluid: it 1 of 1 | dt# 3 | t 2 of 5 | dt 1 | max dt 1 | ongoing yes | dt complete yes | 
Outer-Fluid: it 1 of 1 | dt# 3 | t 2 of 5 | dt 1 | max dt 1 | ongoing yes | dt complete yes | 
Adjusting time step for steady-state step
Adapter reading coupling data...
 increment 3 attempt 1 
 increment size= 1.000000e+00
 sum of previous increments=0.000000e+00
 actual step time=1.000000e+00
 actual total time=1.000000e+00

 iteration 1

 Using up to 1 cpu(s) for the heat flux calculation.

 Using up to 1 cpu(s) for the symmetric stiffness/mass contributions.

 Factoring the system of equations using the symmetric spooles solver
 Using 1 cpu for spooles.

 Using up to 1 cpu(s) for the heat flux calculation.

 average flux= 0.908164
 time avg. flux= 2.070637
 largest residual flux= 200.653819 in node 13966 and dof 0
 largest increment of temp= 4.921781e+01
 largest correction to temp= 4.921781e+01 in node 2259 and dof 0

 no convergence

 iteration 2

 Using up to 1 cpu(s) for the symmetric stiffness/mass contributions.

 Factoring the system of equations using the symmetric spooles solver
 Using 1 cpu for spooles.

 Using up to 1 cpu(s) for the heat flux calculation.

 average flux= 0.908164
 time avg. flux= 2.070637
 largest residual flux= 0.000000 in node 11884 and dof 0
 largest increment of temp= 4.921781e+01
 largest correction to temp= 1.355147e-13 in node 2495 and dof 0

 convergence

Adapter writing coupling data...
Adapter calling advance()...
(0) 14:10:08 [impl::SolverInterfaceImpl]:392 in advance: [0mInner-Fluid: it 1 of 1 | dt# 4 | t 3 of 5 | dt 1 | max dt 1 | ongoing yes | dt complete yes | 
Outer-Fluid: it 1 of 1 | dt# 4 | t 3 of 5 | dt 1 | max dt 1 | ongoing yes | dt complete yes | 
Adjusting time step for steady-state step
Adapter reading coupling data...
 increment 4 attempt 1 
 increment size= 1.000000e+00
 sum of previous increments=0.000000e+00
 actual step time=1.000000e+00
 actual total time=1.000000e+00

 iteration 1

 Using up to 1 cpu(s) for the heat flux calculation.

 Using up to 1 cpu(s) for the symmetric stiffness/mass contributions.

 Factoring the system of equations using the symmetric spooles solver
 Using 1 cpu for spooles.

 Using up to 1 cpu(s) for the heat flux calculation.

 average flux= 0.195721
 time avg. flux= 1.601908
 largest residual flux= 190.199889 in node 13966 and dof 0
 largest increment of temp= 4.741042e+01
 largest correction to temp= 4.741042e+01 in node 1124 and dof 0

 no convergence

 iteration 2

 Using up to 1 cpu(s) for the symmetric stiffness/mass contributions.

 Factoring the system of equations using the symmetric spooles solver
 Using 1 cpu for spooles.

 Using up to 1 cpu(s) for the heat flux calculation.

 average flux= 0.195721
 time avg. flux= 1.601908
 largest residual flux= 0.000000 in node 3588 and dof 0
 largest increment of temp= 4.741042e+01
 largest correction to temp= 1.238006e-13 in node 602 and dof 0

 convergence

Adapter writing coupling data...
Adapter calling advance()...
(0) 14:10:38 [impl::SolverInterfaceImpl]:392 in advance: [0mInner-Fluid: it 1 of 1 | dt# 5 | t 4 of 5 | dt 1 | max dt 1 | ongoing yes | dt complete yes | 
Outer-Fluid: it 1 of 1 | dt# 5 | t 4 of 5 | dt 1 | max dt 1 | ongoing yes | dt complete yes | 
Adjusting time step for steady-state step
Adapter reading coupling data...
 increment 5 attempt 1 
 increment size= 1.000000e+00
 sum of previous increments=0.000000e+00
 actual step time=1.000000e+00
 actual total time=1.000000e+00

 iteration 1

 Using up to 1 cpu(s) for the heat flux calculation.

 Using up to 1 cpu(s) for the symmetric stiffness/mass contributions.

 Factoring the system of equations using the symmetric spooles solver
 Using 1 cpu for spooles.

 Using up to 1 cpu(s) for the heat flux calculation.

 average flux= 0.713499
 time avg. flux= 1.424226
 largest residual flux= 179.240802 in node 13966 and dof 0
 largest increment of temp= 4.282279e+01
 largest correction to temp= 4.282279e+01 in node 1124 and dof 0

 no convergence

 iteration 2

 Using up to 1 cpu(s) for the symmetric stiffness/mass contributions.

 Factoring the system of equations using the symmetric spooles solver
 Using 1 cpu for spooles.

 Using up to 1 cpu(s) for the heat flux calculation.

 average flux= 0.713499
 time avg. flux= 1.424226
 largest residual flux= 0.000000 in node 21122 and dof 0
 largest increment of temp= 4.282279e+01
 largest correction to temp= 1.328744e-13 in node 7579 and dof 0

 convergence

Adapter writing coupling data...
Adapter calling advance()...
(0) 14:10:59 [impl::SolverInterfaceImpl]:392 in advance: [0mInner-Fluid: it 1 of 1 | dt# 6 | t 5 of 5 | dt 1 | max dt 1 | ongoing no | dt complete yes | 
Outer-Fluid: it 1 of 1 | dt# 6 | t 5 of 5 | dt 1 | max dt 1 | ongoing no | dt complete yes | 
 Using up to 1 cpu(s) for the heat flux calculation.

Run finished at Tue May 15 14:11:00 2018
Global runtime       = 159264ms / 159s
Number of processors = 1
# Rank: 0

               Event |      Count |  Total[ms] |    Max[ms] |    Min[ms] |    Avg[ms] |       T[%] |
----------------------------------------------------------------------------------------------------
             _GLOBAL |          1 |     159264 |     159264 |     159264 |     159264 |         99 |
             advance |          5 |     114985 |      28178 |      11606 |      22997 |         72 |
       feedback mesh |          2 |          3 |          1 |          1 |          1 |          0 |
         gather mesh |          2 |        223 |        130 |         93 |        111 |          0 |
          initialize |          1 |        880 |        880 |        880 |        880 |          0 |
      initializeData |          1 |      29008 |      29008 |      29008 |      29008 |         18 |
 receive global mesh |          2 |        535 |        347 |        187 |        267 |          0 |
    send global mesh |          2 |         14 |          8 |          5 |          7 |          0 |

                Name |        Max |  MaxOnRank |        Min |  MinOnRank |    Min/Max |
---------------------------------------------------------------------------------------
             _GLOBAL |     159264 |          0 |     159264 |          0 |          1 |
             advance |      28178 |          0 |      11606 |          0 |          0 |
       feedback mesh |          1 |          0 |          1 |          0 |          1 |
         gather mesh |        130 |          0 |         93 |          0 |          0 |
          initialize |        880 |          0 |        880 |          0 |          1 |
      initializeData |      29008 |          0 |      29008 |          0 |          1 |
 receive global mesh |        347 |          0 |        187 |          0 |          0 |
    send global mesh |          8 |          0 |          5 |          0 |          0 |

[3ac372e390fb:00176] *** Process received signal ***
[3ac372e390fb:00176] Signal: Segmentation fault (11)
[3ac372e390fb:00176] Signal code: Address not mapped (1)
[3ac372e390fb:00176] Failing at address: (nil)
[3ac372e390fb:00176] [ 0] /lib/x86_64-linux-gnu/libc.so.6(+0x354b0)[0x7f92306644b0]
[3ac372e390fb:00176] [ 1] /precice/build/last/libprecice.so(_ZN7precice4impl19SolverInterfaceImpl8finalizeEv+0x5ab)[0x7f922fd104ab]
[3ac372e390fb:00176] [ 2] /precice/build/last/libprecice.so(precicec_finalize+0x199)[0x7f922fd9f176]
[3ac372e390fb:00176] [ 3] ccx_preCICE[0x6052ce]
[3ac372e390fb:00176] [ 4] ccx_preCICE[0x6041b1]
[3ac372e390fb:00176] [ 5] ccx_preCICE[0x602de4]
[3ac372e390fb:00176] [ 6] ccx_preCICE[0x40fee8]
[3ac372e390fb:00176] [ 7] /lib/x86_64-linux-gnu/libc.so.6(__libc_start_main+0xf0)[0x7f923064f830]
[3ac372e390fb:00176] [ 8] ccx_preCICE[0x408499]
[3ac372e390fb:00176] *** End of error message ***
